RayyanAllureApp JAVA/app/build/intermediates/manifest_merge_blame_file/debug/manifest-merger-blame-debug-report.txt
1<?xml version="1.0" encoding="utf-8"?>
2<manifest xmlns:android="http://schemas.android.com/apk/res/android"
3    package="com.example.rayyanallureapp"
4    android:versionCode="1"
5    android:versionName="1.0" >
6
7    <uses-sdk
8        android:minSdkVersion="24"
9        android:targetSdkVersion="34" />
10
11    <uses-feature
11-->src/main/AndroidManifest.xml:5:5-7:36
12        android:name="android.hardware.telephony"
12-->src/main/AndroidManifest.xml:6:9-50
13        android:required="false" />
13-->src/main/AndroidManifest.xml:7:9-33
14
15    <uses-permission android:name="android.permission.INTERNET" />
15-->src/main/AndroidManifest.xml:9:5-67
15-->src/main/AndroidManifest.xml:9:22-64
16    <uses-permission android:name="android.permission.POST_NOTIFICATIONS" />
16-->src/main/AndroidManifest.xml:11:5-77
16-->src/main/AndroidManifest.xml:11:22-74
17    <uses-permission android:name="android.permission.SEND_SMS" />
17-->src/main/AndroidManifest.xml:13:5-67
17-->src/main/AndroidManifest.xml:13:22-64
18
19    <permission
19-->[androidx.core:core:1.9.0] AndroidManifest.xml:22:5-24:47
20        android:name="com.example.rayyanallureapp.DYNAMIC_RECEIVER_NOT_EXPORTED_PERMISSION"
20-->[androidx.core:core:1.9.0] AndroidManifest.xml:23:9-81
21        android:protectionLevel="signature" />
21-->[androidx.core:core:1.9.0] AndroidManifest.xml:24:9-44
22
23    <uses-permission android:name="com.example.rayyanallureapp.DYNAMIC_RECEIVER_NOT_EXPORTED_PERMISSION" />
23-->[androidx.core:core:1.9.0] AndroidManifest.xml:26:5-97
23-->[androidx.core:core:1.9.0] AndroidManifest.xml:26:22-94
24
25    <application
25-->src/main/AndroidManifest.xml:15:5-85:19
26        android:allowBackup="true"
26-->src/main/AndroidManifest.xml:16:9-35
27        android:appComponentFactory="androidx.core.app.CoreComponentFactory"
27-->[androidx.core:core:1.9.0] AndroidManifest.xml:28:18-86
28        android:dataExtractionRules="@xml/data_extraction_rules"
28-->src/main/AndroidManifest.xml:17:9-65
29        android:debuggable="true"
30        android:extractNativeLibs="false"
31        android:fullBackupContent="@xml/backup_rules"
31-->src/main/AndroidManifest.xml:18:9-54
32        android:icon="@mipmap/ic_launcher"
32-->src/main/AndroidManifest.xml:19:9-43
33        android:label="@string/app_name"
33-->src/main/AndroidManifest.xml:20:9-41
34        android:roundIcon="@mipmap/ic_launcher_round"
34-->src/main/AndroidManifest.xml:21:9-54
35        android:supportsRtl="true"
35-->src/main/AndroidManifest.xml:22:9-35
36        android:testOnly="true"
37        android:theme="@style/Theme.MyApplication" >
37-->src/main/AndroidManifest.xml:23:9-51
38        <activity
38-->src/main/AndroidManifest.xml:25:9-27:40
39            android:name="com.example.rayyanallureapp.RetrofitAPICall.RetrofitPostActivity"
39-->src/main/AndroidManifest.xml:26:13-65
40            android:exported="false" />
40-->src/main/AndroidManifest.xml:27:13-37
41        <activity
41-->src/main/AndroidManifest.xml:28:9-30:40
42            android:name="com.example.rayyanallureapp.RetrofitAPICall.RetrofitGetActivity"
42-->src/main/AndroidManifest.xml:29:13-64
43            android:exported="false" />
43-->src/main/AndroidManifest.xml:30:13-37
44        <activity
44-->src/main/AndroidManifest.xml:31:9-33:40
45            android:name="com.example.rayyanallureapp.Database.DatabaseEditActivity"
45-->src/main/AndroidManifest.xml:32:13-58
46            android:exported="false" />
46-->src/main/AndroidManifest.xml:33:13-37
47        <activity
47-->src/main/AndroidManifest.xml:34:9-36:40
48            android:name="com.example.rayyanallureapp.Database.NewUserActivity"
48-->src/main/AndroidManifest.xml:35:13-53
49            android:exported="false" />
49-->src/main/AndroidManifest.xml:36:13-37
50        <activity
50-->src/main/AndroidManifest.xml:37:9-39:40
51            android:name="com.example.rayyanallureapp.Database.DatabaseActivity"
51-->src/main/AndroidManifest.xml:38:13-54
52            android:exported="false" />
52-->src/main/AndroidManifest.xml:39:13-37
53        <activity
53-->src/main/AndroidManifest.xml:40:9-42:40
54            android:name="com.example.rayyanallureapp.Activity.AddContactActivity"
54-->src/main/AndroidManifest.xml:41:13-56
55            android:exported="false" />
55-->src/main/AndroidManifest.xml:42:13-37
56        <activity
56-->src/main/AndroidManifest.xml:43:9-45:40
57            android:name="com.example.rayyanallureapp.Activity.ParcelablePlacesActivity"
57-->src/main/AndroidManifest.xml:44:13-62
58            android:exported="false" />
58-->src/main/AndroidManifest.xml:45:13-37
59        <activity
59-->src/main/AndroidManifest.xml:46:9-48:40
60            android:name="com.example.rayyanallureapp.Activity.AddPlacesActivity"
60-->src/main/AndroidManifest.xml:47:13-55
61            android:exported="false" />
61-->src/main/AndroidManifest.xml:48:13-37
62        <activity
62-->src/main/AndroidManifest.xml:49:9-51:40
63            android:name="com.example.rayyanallureapp.Fragments.DynamicFragmentActivity"
63-->src/main/AndroidManifest.xml:50:13-62
64            android:exported="false" />
64-->src/main/AndroidManifest.xml:51:13-37
65        <activity
65-->src/main/AndroidManifest.xml:52:9-54:40
66            android:name="com.example.rayyanallureapp.Fragments.StaticFragmentActvity"
66-->src/main/AndroidManifest.xml:53:13-60
67            android:exported="false" />
67-->src/main/AndroidManifest.xml:54:13-37
68        <activity
68-->src/main/AndroidManifest.xml:55:9-57:40
69            android:name="com.example.rayyanallureapp.activity_static_fragment"
69-->src/main/AndroidManifest.xml:56:13-53
70            android:exported="false" />
70-->src/main/AndroidManifest.xml:57:13-37
71        <activity
71-->src/main/AndroidManifest.xml:58:9-60:40
72            android:name="com.example.rayyanallureapp.Activity.ContactActivity"
72-->src/main/AndroidManifest.xml:59:13-53
73            android:exported="false" />
73-->src/main/AndroidManifest.xml:60:13-37
74        <activity
74-->src/main/AndroidManifest.xml:61:9-63:40
75            android:name="com.example.rayyanallureapp.Activity.CalculatorActivity"
75-->src/main/AndroidManifest.xml:62:13-56
76            android:exported="false" />
76-->src/main/AndroidManifest.xml:63:13-37
77        <activity
77-->src/main/AndroidManifest.xml:64:9-72:20
78            android:name="com.example.rayyanallureapp.Activity.SplashActivity"
78-->src/main/AndroidManifest.xml:65:13-52
79            android:exported="true" >
79-->src/main/AndroidManifest.xml:66:13-36
80            <intent-filter>
80-->src/main/AndroidManifest.xml:67:13-71:29
81                <action android:name="android.intent.action.MAIN" />
81-->src/main/AndroidManifest.xml:68:17-69
81-->src/main/AndroidManifest.xml:68:25-66
82
83                <category android:name="android.intent.category.LAUNCHER" />
83-->src/main/AndroidManifest.xml:70:17-77
83-->src/main/AndroidManifest.xml:70:27-74
84            </intent-filter>
85        </activity>
86        <activity
86-->src/main/AndroidManifest.xml:73:9-75:40
87            android:name="com.example.rayyanallureapp.Activity.HomeActivity"
87-->src/main/AndroidManifest.xml:74:13-50
88            android:exported="false" />
88-->src/main/AndroidManifest.xml:75:13-37
89        <activity
89-->src/main/AndroidManifest.xml:76:9-78:40
90            android:name="com.example.rayyanallureapp.Activity.SignupActivity"
90-->src/main/AndroidManifest.xml:77:13-52
91            android:exported="false" />
91-->src/main/AndroidManifest.xml:78:13-37
92        <activity
92-->src/main/AndroidManifest.xml:79:9-81:40
93            android:name="com.example.rayyanallureapp.Activity.LoginActivity"
93-->src/main/AndroidManifest.xml:80:13-51
94            android:exported="false" />
94-->src/main/AndroidManifest.xml:81:13-37
95        <activity
95-->src/main/AndroidManifest.xml:82:9-84:40
96            android:name="com.example.rayyanallureapp.Activity.MainActivity"
96-->src/main/AndroidManifest.xml:83:13-50
97            android:exported="false" />
97-->src/main/AndroidManifest.xml:84:13-37
98
99        <service
99-->[androidx.room:room-runtime:2.4.0] AndroidManifest.xml:25:9-28:40
100            android:name="androidx.room.MultiInstanceInvalidationService"
100-->[androidx.room:room-runtime:2.4.0] AndroidManifest.xml:26:13-74
101            android:directBootAware="true"
101-->[androidx.room:room-runtime:2.4.0] AndroidManifest.xml:27:13-43
102            android:exported="false" />
102-->[androidx.room:room-runtime:2.4.0] AndroidManifest.xml:28:13-37
103
104        <provider
104-->[androidx.emoji2:emoji2:1.2.0] AndroidManifest.xml:24:9-32:20
105            android:name="androidx.startup.InitializationProvider"
105-->[androidx.emoji2:emoji2:1.2.0] AndroidManifest.xml:25:13-67
106            android:authorities="com.example.rayyanallureapp.androidx-startup"
106-->[androidx.emoji2:emoji2:1.2.0] AndroidManifest.xml:26:13-68
107            android:exported="false" >
107-->[androidx.emoji2:emoji2:1.2.0] AndroidManifest.xml:27:13-37
108            <meta-data
108-->[androidx.emoji2:emoji2:1.2.0] AndroidManifest.xml:29:13-31:52
109                android:name="androidx.emoji2.text.EmojiCompatInitializer"
109-->[androidx.emoji2:emoji2:1.2.0] AndroidManifest.xml:30:17-75
110                android:value="androidx.startup" />
110-->[androidx.emoji2:emoji2:1.2.0] AndroidManifest.xml:31:17-49
111            <meta-data
111-->[androidx.lifecycle:lifecycle-process:2.4.1] AndroidManifest.xml:31:13-33:52
112                android:name="androidx.lifecycle.ProcessLifecycleInitializer"
112-->[androidx.lifecycle:lifecycle-process:2.4.1] AndroidManifest.xml:32:17-78
113                android:value="androidx.startup" />
113-->[androidx.lifecycle:lifecycle-process:2.4.1] AndroidManifest.xml:33:17-49
114        </provider>
115    </application>
116
117</manifest>